  [4;36;1mSQL (0.000307)[0m   [0;1m SELECT name
 FROM sqlite_master
 WHERE type = 'table' AND NOT name = 'sqlite_sequence'
[0m
  [4;35;1mSQL (0.000162)[0m   [0mselect sqlite_version(*)[0m
  [4;36;1mSQL (0.003336)[0m   [0;1mCREATE TABLE "schema_migrations" ("version" varchar(255) NOT NULL) [0m
  [4;35;1mSQL (0.002252)[0m   [0mCREATE UNIQUE INDEX "unique_schema_migrations" ON "schema_migrations" ("version")[0m
  [4;36;1mSQL (0.000382)[0m   [0;1m SELECT name
 FROM sqlite_master
 WHERE type = 'table' AND NOT name = 'sqlite_sequence'
[0m
  [4;35;1mSQL (0.000251)[0m   [0mSELECT version FROM schema_migrations[0m
Migrating to CreateItems (20080909103422)
  [4;36;1mSQL (0.000147)[0m   [0;1mSELECT version FROM schema_migrations[0m
  [4;35;1mSQL (0.003445)[0m   [0mCREATE TABLE "items" ("id" INTEGER PRIMARY KEY AUTOINCREMENT NOT NULL, "title" varchar(255) DEFAULT NULL NULL, "description" text DEFAULT NULL NULL, "created_at" datetime DEFAULT NULL NULL, "updated_at" datetime DEFAULT NULL NULL) [0m
  [4;36;1mSQL (0.002551)[0m   [0;1mINSERT INTO schema_migrations (version) VALUES ('20080909103422')[0m
  [4;35;1mSQL (0.000341)[0m   [0mSELECT version FROM schema_migrations[0m
  [4;36;1mSQL (0.000363)[0m   [0;1m SELECT name
 FROM sqlite_master
 WHERE type = 'table' AND NOT name = 'sqlite_sequence'
[0m
  [4;35;1mSQL (0.000103)[0m   [0mPRAGMA index_list("items")[0m
  [4;36;1mItem Create (0.000896)[0m   [0;1mINSERT INTO "items" ("updated_at", "title", "description", "created_at") VALUES('2008-09-09 10:37:10', NULL, NULL, '2008-09-09 10:37:10')[0m
  [4;35;1mItem Destroy (0.000816)[0m   [0m DELETE FROM "items"
 WHERE "id" = 1
[0m
  [4;36;1mItem Create (0.000554)[0m   [0;1mINSERT INTO "items" ("updated_at", "title", "description", "created_at") VALUES('2008-09-09 10:38:28', 'Car', 'Bright red and very fast!', '2008-09-09 10:38:28')[0m
  [4;35;1mSQL (0.000461)[0m   [0mSELECT count(*) AS count_all FROM "items" [0m
  [4;36;1mSQL (0.000383)[0m   [0;1mSELECT count(*) AS count_all FROM "items" [0m
  [4;35;1mItem Create (0.000777)[0m   [0mINSERT INTO "items" ("updated_at", "title", "description", "created_at") VALUES('2008-09-09 10:40:14', 'Bicycle', 'Only 1 year old, 24 gears!', '2008-09-09 10:40:14')[0m
  [4;36;1mSQL (0.000422)[0m   [0;1mSELECT count(*) AS count_all FROM "items" [0m
  [4;35;1mItem Load (0.000517)[0m   [0mSELECT * FROM "items" WHERE (description LIKE '%fast%') [0m
  [4;36;1mItem Load (0.000523)[0m   [0;1mSELECT * FROM "items" LIMIT 1[0m
  [4;35;1mItem Load (0.000525)[0m   [0mSELECT * FROM "items" ORDER BY items.id DESC LIMIT 1[0m
  [4;36;1mItem Load (0.000637)[0m   [0;1mSELECT * FROM "items" [0m
  [4;36;1mItem Load (0.000714)[0m   [0;1mSELECT * FROM "items" [0m
  [4;35;1mItem Load (0.000589)[0m   [0mSELECT * FROM "items" [0m
  [4;36;1mItem Load (0.000691)[0m   [0;1mSELECT * FROM "items" [0m
  [4;35;1mItem Load (0.000918)[0m   [0mSELECT * FROM "items" [0m


Processing InfoController#properties (for 127.0.0.1 at 2008-09-09 13:45:37) [GET]
  Session ID: BAh7CDoMY3NyZl9pZCIlZmQyMDA2YmZhYmU0ZjY1MzY3MGRjZTI1NThhZDNi
NTk6CmxvZ2luaQYiCmZsYXNoSUM6J0FjdGlvbkNvbnRyb2xsZXI6OkZsYXNo
OjpGbGFzaEhhc2h7AAY6CkB1c2VkewA=--a61be2049b9f44d2326be110360f15af3404b419
  Parameters: {"action"=>"properties", "controller"=>"rails/info"}


CGI::Session::CookieStore::TamperedWithCookie (CGI::Session::CookieStore::TamperedWithCookie):
    /Library/Ruby/Gems/1.8/gems/actionpack-2.1.0/lib/action_controller/session/cookie_store.rb:144:in `unmarshal'
    /Library/Ruby/Gems/1.8/gems/actionpack-2.1.0/lib/action_controller/session/cookie_store.rb:101:in `restore'
    /System/Library/Frameworks/Ruby.framework/Versions/1.8/usr/lib/ruby/1.8/cgi/session.rb:304:in `[]'
    /Library/Ruby/Gems/1.8/gems/actionpack-2.1.0/lib/action_controller/cgi_process.rb:136:in `session'
    /Library/Ruby/Gems/1.8/gems/actionpack-2.1.0/lib/action_controller/cgi_process.rb:168:in `stale_session_check!'
    /Library/Ruby/Gems/1.8/gems/actionpack-2.1.0/lib/action_controller/cgi_process.rb:116:in `session'
    /Library/Ruby/Gems/1.8/gems/actionpack-2.1.0/lib/action_controller/base.rb:1135:in `assign_shortcuts_without_flash'
    /Library/Ruby/Gems/1.8/gems/actionpack-2.1.0/lib/action_controller/flash.rb:166:in `assign_shortcuts'
    /Library/Ruby/Gems/1.8/gems/actionpack-2.1.0/lib/action_controller/base.rb:523:in `process_without_filters'
    /Library/Ruby/Gems/1.8/gems/actionpack-2.1.0/lib/action_controller/filters.rb:569:in `process_without_session_management_support'
    /Library/Ruby/Gems/1.8/gems/actionpack-2.1.0/lib/action_controller/session_management.rb:130:in `process'
    /Library/Ruby/Gems/1.8/gems/actionpack-2.1.0/lib/action_controller/base.rb:389:in `process'
    /Library/Ruby/Gems/1.8/gems/actionpack-2.1.0/lib/action_controller/dispatcher.rb:149:in `handle_request'
    /Library/Ruby/Gems/1.8/gems/actionpack-2.1.0/lib/action_controller/dispatcher.rb:107:in `dispatch'
    /Library/Ruby/Gems/1.8/gems/actionpack-2.1.0/lib/action_controller/dispatcher.rb:104:in `synchronize'
    /Library/Ruby/Gems/1.8/gems/actionpack-2.1.0/lib/action_controller/dispatcher.rb:104:in `dispatch'
    /Library/Ruby/Gems/1.8/gems/actionpack-2.1.0/lib/action_controller/dispatcher.rb:120:in `dispatch_cgi'
    /Library/Ruby/Gems/1.8/gems/actionpack-2.1.0/lib/action_controller/dispatcher.rb:35:in `dispatch'
    /System/Library/Frameworks/Ruby.framework/Versions/1.8/usr/lib/ruby/gems/1.8/gems/mongrel-1.1.4/bin/../lib/mongrel/rails.rb:76:in `process'
    /System/Library/Frameworks/Ruby.framework/Versions/1.8/usr/lib/ruby/gems/1.8/gems/mongrel-1.1.4/bin/../lib/mongrel/rails.rb:74:in `synchronize'
    /System/Library/Frameworks/Ruby.framework/Versions/1.8/usr/lib/ruby/gems/1.8/gems/mongrel-1.1.4/bin/../lib/mongrel/rails.rb:74:in `process'
    /System/Library/Frameworks/Ruby.framework/Versions/1.8/usr/lib/ruby/gems/1.8/gems/mongrel-1.1.4/lib/mongrel.rb:159:in `process_client'
    /System/Library/Frameworks/Ruby.framework/Versions/1.8/usr/lib/ruby/gems/1.8/gems/mongrel-1.1.4/lib/mongrel.rb:158:in `each'
    /System/Library/Frameworks/Ruby.framework/Versions/1.8/usr/lib/ruby/gems/1.8/gems/mongrel-1.1.4/lib/mongrel.rb:158:in `process_client'
    /System/Library/Frameworks/Ruby.framework/Versions/1.8/usr/lib/ruby/gems/1.8/gems/mongrel-1.1.4/lib/mongrel.rb:285:in `run'
    /System/Library/Frameworks/Ruby.framework/Versions/1.8/usr/lib/ruby/gems/1.8/gems/mongrel-1.1.4/lib/mongrel.rb:285:in `initialize'
    /System/Library/Frameworks/Ruby.framework/Versions/1.8/usr/lib/ruby/gems/1.8/gems/mongrel-1.1.4/lib/mongrel.rb:285:in `new'
    /System/Library/Frameworks/Ruby.framework/Versions/1.8/usr/lib/ruby/gems/1.8/gems/mongrel-1.1.4/lib/mongrel.rb:285:in `run'
    /System/Library/Frameworks/Ruby.framework/Versions/1.8/usr/lib/ruby/gems/1.8/gems/mongrel-1.1.4/lib/mongrel.rb:268:in `initialize'
    /System/Library/Frameworks/Ruby.framework/Versions/1.8/usr/lib/ruby/gems/1.8/gems/mongrel-1.1.4/lib/mongrel.rb:268:in `new'
    /System/Library/Frameworks/Ruby.framework/Versions/1.8/usr/lib/ruby/gems/1.8/gems/mongrel-1.1.4/lib/mongrel.rb:268:in `run'
    /System/Library/Frameworks/Ruby.framework/Versions/1.8/usr/lib/ruby/gems/1.8/gems/mongrel-1.1.4/lib/mongrel/configurator.rb:282:in `run'
    /System/Library/Frameworks/Ruby.framework/Versions/1.8/usr/lib/ruby/gems/1.8/gems/mongrel-1.1.4/lib/mongrel/configurator.rb:281:in `each'
    /System/Library/Frameworks/Ruby.framework/Versions/1.8/usr/lib/ruby/gems/1.8/gems/mongrel-1.1.4/lib/mongrel/configurator.rb:281:in `run'
    /System/Library/Frameworks/Ruby.framework/Versions/1.8/usr/lib/ruby/gems/1.8/gems/mongrel-1.1.4/bin/mongrel_rails:128:in `run'
    /System/Library/Frameworks/Ruby.framework/Versions/1.8/usr/lib/ruby/gems/1.8/gems/mongrel-1.1.4/lib/mongrel/command.rb:212:in `run'
    /System/Library/Frameworks/Ruby.framework/Versions/1.8/usr/lib/ruby/gems/1.8/gems/mongrel-1.1.4/bin/mongrel_rails:281
    /Library/Ruby/Gems/1.8/gems/activesupport-2.1.0/lib/active_support/dependencies.rb:502:in `load'
    /Library/Ruby/Gems/1.8/gems/activesupport-2.1.0/lib/active_support/dependencies.rb:502:in `load'
    /Library/Ruby/Gems/1.8/gems/activesupport-2.1.0/lib/active_support/dependencies.rb:354:in `new_constants_in'
    /Library/Ruby/Gems/1.8/gems/activesupport-2.1.0/lib/active_support/dependencies.rb:502:in `load'
    /Library/Ruby/Gems/1.8/gems/rails-2.1.0/lib/commands/servers/mongrel.rb:64
    /Library/Ruby/Site/1.8/rubygems/custom_require.rb:27:in `gem_original_require'
    /Library/Ruby/Site/1.8/rubygems/custom_require.rb:27:in `require'
    /Library/Ruby/Gems/1.8/gems/activesupport-2.1.0/lib/active_support/dependencies.rb:509:in `require'
    /Library/Ruby/Gems/1.8/gems/activesupport-2.1.0/lib/active_support/dependencies.rb:354:in `new_constants_in'
    /Library/Ruby/Gems/1.8/gems/activesupport-2.1.0/lib/active_support/dependencies.rb:509:in `require'
    /Library/Ruby/Gems/1.8/gems/rails-2.1.0/lib/commands/server.rb:39
    /Library/Ruby/Site/1.8/rubygems/custom_require.rb:27:in `gem_original_require'
    /Library/Ruby/Site/1.8/rubygems/custom_require.rb:27:in `require'
    script/server:3

Rendering /Library/Ruby/Gems/1.8/gems/actionpack-2.1.0/lib/action_controller/templates/rescues/layout.erb (internal_server_error)


Processing WelcomeController#index (for 127.0.0.1 at 2008-09-09 13:45:51) [GET]
  Session ID: BAh7BiIKZmxhc2hJQzonQWN0aW9uQ29udHJvbGxlcjo6Rmxhc2g6OkZsYXNo
SGFzaHsABjoKQHVzZWR7AA==--e94ccb649f0b51d962775e04d60dc3c2792a642c
  Parameters: {"action"=>"index", "controller"=>"welcome"}
Rendering welcome/index
Completed in 0.00337 (296 reqs/sec) | Rendering: 0.00132 (39%) | DB: 0.00000 (0%) | 200 OK [http://localhost/welcome]


Processing WelcomeController#index (for 127.0.0.1 at 2008-09-09 13:46:13) [GET]
  Session ID: BAh7BiIKZmxhc2hJQzonQWN0aW9uQ29udHJvbGxlcjo6Rmxhc2g6OkZsYXNo
SGFzaHsABjoKQHVzZWR7AA==--e94ccb649f0b51d962775e04d60dc3c2792a642c
  Parameters: {"action"=>"index", "controller"=>"welcome"}
Rendering welcome/index
Completed in 0.00279 (358 reqs/sec) | Rendering: 0.00076 (27%) | DB: 0.00000 (0%) | 200 OK [http://localhost/welcome]


Processing WelcomeController#index (for 127.0.0.1 at 2008-09-09 13:46:44) [GET]
  Session ID: BAh7BiIKZmxhc2hJQzonQWN0aW9uQ29udHJvbGxlcjo6Rmxhc2g6OkZsYXNo
SGFzaHsABjoKQHVzZWR7AA==--e94ccb649f0b51d962775e04d60dc3c2792a642c
  Parameters: {"action"=>"index", "controller"=>"welcome"}
Rendering welcome/index
  [4;36;1mItem Load (0.000714)[0m   [0;1mSELECT * FROM "items" [0m
Completed in 0.01052 (95 reqs/sec) | Rendering: 0.00779 (74%) | DB: 0.00071 (6%) | 200 OK [http://localhost/welcome]


Processing WelcomeController#index (for 127.0.0.1 at 2008-09-09 13:48:44) [GET]
  Session ID: BAh7BiIKZmxhc2hJQzonQWN0aW9uQ29udHJvbGxlcjo6Rmxhc2g6OkZsYXNo
SGFzaHsABjoKQHVzZWR7AA==--e94ccb649f0b51d962775e04d60dc3c2792a642c
  Parameters: {"action"=>"index", "controller"=>"welcome"}
  [4;35;1mItem Load (0.000572)[0m   [0mSELECT * FROM "items" [0m
Rendering welcome/index
Completed in 0.00853 (117 reqs/sec) | Rendering: 0.00266 (31%) | DB: 0.00057 (6%) | 200 OK [http://localhost/welcome]
  [4;36;1mItem Load (0.001159)[0m   [0;1mSELECT * FROM "items" ORDER BY created_at DESC LIMIT 3[0m
  [4;35;1mItem Load (0.001568)[0m   [0mSELECT * FROM "items" ORDER BY created_at DESC LIMIT 3[0m
  [4;36;1mItem Load (0.001298)[0m   [0;1mSELECT * FROM "items" ORDER BY created_at DESC LIMIT 3[0m
