  [4;36;1mSQL (0.000277)[0m   [0;1m SELECT name
 FROM sqlite_master
 WHERE type = 'table' AND NOT name = 'sqlite_sequence'
[0m
  [4;35;1mSQL (0.000168)[0m   [0mselect sqlite_version(*)[0m
  [4;36;1mSQL (0.002926)[0m   [0;1mCREATE TABLE "schema_migrations" ("version" varchar(255) NOT NULL) [0m
  [4;35;1mSQL (0.002191)[0m   [0mCREATE UNIQUE INDEX "unique_schema_migrations" ON "schema_migrations" ("version")[0m
  [4;36;1mSQL (0.000386)[0m   [0;1m SELECT name
 FROM sqlite_master
 WHERE type = 'table' AND NOT name = 'sqlite_sequence'
[0m
  [4;35;1mSQL (0.000260)[0m   [0mSELECT version FROM schema_migrations[0m
Migrating to CreateItems (20080908140931)
  [4;36;1mSQL (0.000148)[0m   [0;1mSELECT version FROM schema_migrations[0m
  [4;35;1mSQL (0.002299)[0m   [0mCREATE TABLE "items" ("id" INTEGER PRIMARY KEY AUTOINCREMENT NOT NULL, "title" varchar(255) DEFAULT NULL NULL, "description" text DEFAULT NULL NULL, "created_at" datetime DEFAULT NULL NULL, "updated_at" datetime DEFAULT NULL NULL) [0m
  [4;36;1mSQL (0.002321)[0m   [0;1mINSERT INTO schema_migrations (version) VALUES ('20080908140931')[0m
  [4;35;1mSQL (0.000305)[0m   [0mSELECT version FROM schema_migrations[0m
  [4;36;1mSQL (0.000408)[0m   [0;1m SELECT name
 FROM sqlite_master
 WHERE type = 'table' AND NOT name = 'sqlite_sequence'
[0m
  [4;35;1mSQL (0.000095)[0m   [0mPRAGMA index_list("items")[0m
  [4;36;1mItem Create (0.000906)[0m   [0;1mINSERT INTO "items" ("updated_at", "title", "description", "created_at") VALUES('2008-09-08 14:11:52', 'Car', 'Bright red and very fast!', '2008-09-08 14:11:52')[0m
  [4;35;1mSQL (0.000403)[0m   [0mSELECT count(*) AS count_all FROM "items" [0m
  [4;36;1mItem Load (0.000519)[0m   [0;1mSELECT * FROM "items" WHERE ("items"."id" = 1) [0m
  [4;35;1mItem Create (0.000823)[0m   [0mINSERT INTO "items" ("updated_at", "title", "description", "created_at") VALUES('2008-09-08 14:12:19', 'Bicycle', 'Only 1 year old, 24 gears!', '2008-09-08 14:12:19')[0m
  [4;36;1mItem Load (0.000646)[0m   [0;1mSELECT * FROM "items" [0m
